frontend/starter-kit/android/app/build/intermediates/manifest_merge_blame_file/debug/manifest-merger-blame-debug-report.txt
1<?xml version="1.0" encoding="utf-8"?>
2<manifest xmlns:android="http://schemas.android.com/apk/res/android"
3    package="com.virostarterkit"
4    android:versionCode="1"
5    android:versionName="1.0" >
6
7    <uses-sdk
8        android:minSdkVersion="24"
9        android:targetSdkVersion="34" />
10    <!-- Query ARCore package -->
11    <queries>
11-->src\main\AndroidManifest.xml:5:5-7:15
12        <package android:name="com.google.ar.core" />
12-->src\main\AndroidManifest.xml:6:9-54
12-->src\main\AndroidManifest.xml:6:18-51
13        <package android:name="com.android.vending" />
13-->[:arcore_client] AndroidManifest.xml:22:9-55
13-->[:arcore_client] AndroidManifest.xml:22:18-52
14
15        <intent>
15-->[:arcore_client] AndroidManifest.xml:24:9-26:18
16            <action android:name="com.google.android.play.core.install.BIND_INSTALL_SERVICE" />
16-->[:arcore_client] AndroidManifest.xml:25:13-96
16-->[:arcore_client] AndroidManifest.xml:25:21-93
17        </intent>
18        <intent>
18-->[androidx.camera:camera-extensions:1.1.0] AndroidManifest.xml:25:9-27:18
19            <action android:name="androidx.camera.extensions.action.VENDOR_ACTION" />
19-->[androidx.camera:camera-extensions:1.1.0] AndroidManifest.xml:26:13-86
19-->[androidx.camera:camera-extensions:1.1.0] AndroidManifest.xml:26:21-83
20        </intent>
21    </queries> <!-- Required permissions -->
22    <uses-permission android:name="android.permission.INTERNET" />
22-->src\main\AndroidManifest.xml:10:5-67
22-->src\main\AndroidManifest.xml:10:22-64
23    <uses-permission android:name="android.permission.CAMERA" />
23-->src\main\AndroidManifest.xml:11:5-65
23-->src\main\AndroidManifest.xml:11:22-62
24    <uses-permission android:name="android.permission.READ_EXTERNAL_STORAGE" />
24-->src\main\AndroidManifest.xml:12:5-79
24-->src\main\AndroidManifest.xml:12:22-77
25    <uses-permission android:name="android.permission.WRITE_EXTERNAL_STORAGE" />
25-->src\main\AndroidManifest.xml:13:5-80
25-->src\main\AndroidManifest.xml:13:22-78
26    <uses-permission android:name="android.permission.ACCESS_FINE_LOCATION" />
26-->src\main\AndroidManifest.xml:14:5-78
26-->src\main\AndroidManifest.xml:14:22-76
27    <uses-permission android:name="android.permission.ACCESS_COARSE_LOCATION" /> <!-- Camera and AR-related features -->
27-->src\main\AndroidManifest.xml:15:5-80
27-->src\main\AndroidManifest.xml:15:22-78
28    <uses-feature android:name="android.hardware.camera" />
28-->src\main\AndroidManifest.xml:18:5-60
28-->src\main\AndroidManifest.xml:18:19-57
29    <uses-feature
29-->src\main\AndroidManifest.xml:19:5-94
30        android:name="android.hardware.camera.autofocus"
30-->src\main\AndroidManifest.xml:19:19-67
31        android:required="false" />
31-->src\main\AndroidManifest.xml:19:68-92
32    <uses-feature
32-->src\main\AndroidManifest.xml:20:5-78
33        android:glEsVersion="0x00030000"
33-->src\main\AndroidManifest.xml:20:19-51
34        android:required="true" />
34-->src\main\AndroidManifest.xml:20:52-76
35    <uses-feature
35-->src\main\AndroidManifest.xml:21:5-98
36        android:name="android.hardware.sensor.accelerometer"
36-->src\main\AndroidManifest.xml:21:19-71
37        android:required="true" />
37-->src\main\AndroidManifest.xml:21:72-96
38    <uses-feature
38-->src\main\AndroidManifest.xml:22:5-94
39        android:name="android.hardware.sensor.gyroscope"
39-->src\main\AndroidManifest.xml:22:19-67
40        android:required="true" />
40-->src\main\AndroidManifest.xml:22:68-92
41    <uses-feature android:name="android.hardware.camera.ar" />
41-->src\main\AndroidManifest.xml:23:5-63
41-->src\main\AndroidManifest.xml:23:19-60
42    <uses-feature android:name="android.hardware.location.gps" />
42-->src\main\AndroidManifest.xml:24:5-65
42-->src\main\AndroidManifest.xml:24:19-63
43
44    <uses-permission android:name="android.permission.ACCESS_NETWORK_STATE" />
44-->[:react-native-community_netinfo] AndroidManifest.xml:7:5-79
44-->[:react-native-community_netinfo] AndroidManifest.xml:7:22-76
45    <uses-permission android:name="android.permission.ACCESS_WIFI_STATE" />
45-->[:react-native-community_netinfo] AndroidManifest.xml:8:5-76
45-->[:react-native-community_netinfo] AndroidManifest.xml:8:22-73
46    <uses-permission android:name="android.permission.CHANGE_WIFI_STATE" />
46-->[:react-native-wifi-reborn] AndroidManifest.xml:8:5-76
46-->[:react-native-wifi-reborn] AndroidManifest.xml:8:22-73
47    <uses-permission android:name="android.permission.CHANGE_NETWORK_STATE" />
47-->[:react-native-wifi-reborn] AndroidManifest.xml:10:5-79
47-->[:react-native-wifi-reborn] AndroidManifest.xml:10:22-76
48    <!--
49    This manifest file is used only by Gradle to configure debug-only capabilities
50    for React Native Apps.
51    -->
52    <uses-permission android:name="android.permission.SYSTEM_ALERT_WINDOW" />
52-->[com.facebook.react:react-android:0.73.3] AndroidManifest.xml:16:5-78
52-->[com.facebook.react:react-android:0.73.3] AndroidManifest.xml:16:22-75
53
54    <meta-data
54-->src\main\AndroidManifest.xml:48:9-81
55        android:name="com.google.ar.core"
55-->src\main\AndroidManifest.xml:48:20-53
56        android:value="optional" />
56-->src\main\AndroidManifest.xml:48:54-78
57
58    <uses-permission android:name="android.permission.VIBRATE" /> <!-- Required for Recording -->
58-->[:viro_renderer] AndroidManifest.xml:14:5-66
58-->[:viro_renderer] AndroidManifest.xml:14:22-63
59    <uses-permission android:name="android.permission.RECORD_AUDIO" /> <!-- Required to detect viewer insertion. -->
59-->[:viro_renderer] AndroidManifest.xml:18:5-71
59-->[:viro_renderer] AndroidManifest.xml:18:22-68
60    <uses-permission android:name="android.permission.NFC" /> <!-- Indicates use of Android's VR-mode, available only on Android N+. -->
60-->[:viro_renderer] AndroidManifest.xml:21:5-62
60-->[:viro_renderer] AndroidManifest.xml:21:22-59
61    <uses-feature
61-->[:viro_renderer] AndroidManifest.xml:34:5-36:36
62        android:name="android.software.vr.mode"
62-->[:viro_renderer] AndroidManifest.xml:35:9-48
63        android:required="false" /> <!-- Indicates use of VR features that are available only on Daydream-ready devices. -->
63-->[:viro_renderer] AndroidManifest.xml:36:9-33
64    <uses-feature
64-->[:viro_renderer] AndroidManifest.xml:38:5-40:36
65        android:name="android.hardware.vr.high_performance"
65-->[:viro_renderer] AndroidManifest.xml:39:9-60
66        android:required="false" />
66-->[:viro_renderer] AndroidManifest.xml:40:9-33
67
68    <permission
68-->[androidx.core:core:1.9.0] AndroidManifest.xml:22:5-24:47
69        android:name="com.virostarterkit.DYNAMIC_RECEIVER_NOT_EXPORTED_PERMISSION"
69-->[androidx.core:core:1.9.0] AndroidManifest.xml:23:9-81
70        android:protectionLevel="signature" />
70-->[androidx.core:core:1.9.0] AndroidManifest.xml:24:9-44
71
72    <uses-permission android:name="com.virostarterkit.DYNAMIC_RECEIVER_NOT_EXPORTED_PERMISSION" />
72-->[androidx.core:core:1.9.0] AndroidManifest.xml:26:5-97
72-->[androidx.core:core:1.9.0] AndroidManifest.xml:26:22-94
73    <uses-permission android:name="android.permission.RECEIVE_BOOT_COMPLETED" />
73-->[com.transistorsoft:tsbackgroundfetch:1.0.4] AndroidManifest.xml:7:5-81
73-->[com.transistorsoft:tsbackgroundfetch:1.0.4] AndroidManifest.xml:7:22-78
74    <uses-permission android:name="android.permission.WAKE_LOCK" />
74-->[com.transistorsoft:tsbackgroundfetch:1.0.4] AndroidManifest.xml:8:5-68
74-->[com.transistorsoft:tsbackgroundfetch:1.0.4] AndroidManifest.xml:8:22-65
75    <uses-permission
75-->[com.transistorsoft:tsbackgroundfetch:1.0.4] AndroidManifest.xml:9:5-11:38
76        android:name="android.permission.SCHEDULE_EXACT_ALARM"
76-->[com.transistorsoft:tsbackgroundfetch:1.0.4] AndroidManifest.xml:10:9-63
77        android:maxSdkVersion="33" />
77-->[com.transistorsoft:tsbackgroundfetch:1.0.4] AndroidManifest.xml:11:9-35
78
79    <application
79-->src\main\AndroidManifest.xml:26:5-59:19
80        android:name="com.virostarterkit.MainApplication"
80-->src\main\AndroidManifest.xml:27:9-40
81        android:allowBackup="false"
81-->src\main\AndroidManifest.xml:31:9-36
82        android:appComponentFactory="androidx.core.app.CoreComponentFactory"
82-->[androidx.core:core:1.9.0] AndroidManifest.xml:28:18-86
83        android:debuggable="true"
84        android:extractNativeLibs="false"
85        android:icon="@mipmap/ic_launcher"
85-->src\main\AndroidManifest.xml:29:9-43
86        android:label="@string/app_name"
86-->src\main\AndroidManifest.xml:28:9-41
87        android:roundIcon="@mipmap/ic_launcher_round"
87-->src\main\AndroidManifest.xml:30:9-54
88        android:supportsRtl="true"
88-->[:react_viro] AndroidManifest.xml:13:9-35
89        android:theme="@style/AppTheme"
89-->src\main\AndroidManifest.xml:32:9-40
90        android:usesCleartextTraffic="true" >
90-->src\debug\AndroidManifest.xml:6:9-44
91        <activity
91-->src\main\AndroidManifest.xml:34:9-45:20
92            android:name="com.virostarterkit.MainActivity"
92-->src\main\AndroidManifest.xml:35:13-41
93            android:configChanges="keyboard|keyboardHidden|orientation|screenLayout|screenSize|smallestScreenSize|uiMode"
93-->src\main\AndroidManifest.xml:37:13-122
94            android:exported="true"
94-->src\main\AndroidManifest.xml:40:13-36
95            android:label="@string/app_name"
95-->src\main\AndroidManifest.xml:36:13-45
96            android:launchMode="singleTask"
96-->src\main\AndroidManifest.xml:38:13-44
97            android:windowSoftInputMode="adjustResize" >
97-->src\main\AndroidManifest.xml:39:13-55
98            <intent-filter>
98-->src\main\AndroidManifest.xml:41:13-44:29
99                <action android:name="android.intent.action.MAIN" />
99-->src\main\AndroidManifest.xml:42:17-69
99-->src\main\AndroidManifest.xml:42:25-66
100
101                <category android:name="android.intent.category.LAUNCHER" />
101-->src\main\AndroidManifest.xml:43:17-77
101-->src\main\AndroidManifest.xml:43:27-74
102            </intent-filter>
103        </activity> <!-- ARCore and VR metadata -->
104        <meta-data
104-->src\main\AndroidManifest.xml:48:9-81
105            android:name="com.google.ar.core"
105-->src\main\AndroidManifest.xml:48:20-53
106            android:value="optional" />
106-->src\main\AndroidManifest.xml:48:54-78
107        <meta-data
107-->src\main\AndroidManifest.xml:49:9-100
108            android:name="com.samsung.android.vr.application.mode"
108-->src\main\AndroidManifest.xml:49:20-74
109            android:value="vr_only" /> <!-- ✅ Added CameraX Configuration for VisionCamera -->
109-->src\main\AndroidManifest.xml:49:75-98
110        <meta-data
110-->src\main\AndroidManifest.xml:52:9-54:53
111            android:name="androidx.camera.defaultConfig"
111-->src\main\AndroidManifest.xml:53:13-57
112            android:resource="@xml/camera_config" />
112-->src\main\AndroidManifest.xml:54:13-50
113        <meta-data
113-->src\main\AndroidManifest.xml:55:9-57:40
114            android:name="androidx.camera.useCaseBackpressureStrategy"
114-->src\main\AndroidManifest.xml:56:13-71
115            android:value="BLOCKING" />
115-->src\main\AndroidManifest.xml:57:13-37
116
117        <activity
117-->[com.facebook.react:react-android:0.73.3] AndroidManifest.xml:19:9-21:40
118            android:name="com.facebook.react.devsupport.DevSettingsActivity"
118-->[com.facebook.react:react-android:0.73.3] AndroidManifest.xml:20:13-77
119            android:exported="false" />
119-->[com.facebook.react:react-android:0.73.3] AndroidManifest.xml:21:13-37
120        <activity
120-->[com.google.android.gms:play-services-base:17.5.0] AndroidManifest.xml:23:9-26:75
121            android:name="com.google.android.gms.common.api.GoogleApiActivity"
121-->[com.google.android.gms:play-services-base:17.5.0] AndroidManifest.xml:24:13-79
122            android:exported="false"
122-->[com.google.android.gms:play-services-base:17.5.0] AndroidManifest.xml:25:13-37
123            android:theme="@android:style/Theme.Translucent.NoTitleBar" />
123-->[com.google.android.gms:play-services-base:17.5.0] AndroidManifest.xml:26:13-72
124
125        <meta-data
125-->[com.google.android.gms:play-services-basement:17.5.0] AndroidManifest.xml:23:9-25:69
126            android:name="com.google.android.gms.version"
126-->[com.google.android.gms:play-services-basement:17.5.0] AndroidManifest.xml:24:13-58
127            android:value="@integer/google_play_services_version" /> <!-- The minimal version code of ARCore APK required for an app using this SDK. -->
127-->[com.google.android.gms:play-services-basement:17.5.0] AndroidManifest.xml:25:13-66
128        <meta-data
128-->[:arcore_client] AndroidManifest.xml:32:9-34:41
129            android:name="com.google.ar.core.min_apk_version"
129-->[:arcore_client] AndroidManifest.xml:33:13-62
130            android:value="240350000" /> <!-- This activity is critical for installing ARCore when it is not already present. -->
130-->[:arcore_client] AndroidManifest.xml:34:13-38
131        <activity
131-->[:arcore_client] AndroidManifest.xml:36:9-42:80
132            android:name="com.google.ar.core.InstallActivity"
132-->[:arcore_client] AndroidManifest.xml:37:13-62
133            android:configChanges="keyboardHidden|orientation|screenSize"
133-->[:arcore_client] AndroidManifest.xml:38:13-74
134            android:excludeFromRecents="true"
134-->[:arcore_client] AndroidManifest.xml:39:13-46
135            android:exported="false"
135-->[:arcore_client] AndroidManifest.xml:40:13-37
136            android:launchMode="singleTop"
136-->[:arcore_client] AndroidManifest.xml:41:13-43
137            android:theme="@android:style/Theme.Material.Light.Dialog.Alert" />
137-->[:arcore_client] AndroidManifest.xml:42:13-77
138
139        <uses-library
139-->[androidx.camera:camera-extensions:1.1.0] AndroidManifest.xml:31:9-33:40
140            android:name="androidx.camera.extensions.impl"
140-->[androidx.camera:camera-extensions:1.1.0] AndroidManifest.xml:32:13-59
141            android:required="false" />
141-->[androidx.camera:camera-extensions:1.1.0] AndroidManifest.xml:33:13-37
142
143        <service
143-->[androidx.camera:camera-camera2:1.1.0] AndroidManifest.xml:26:9-35:19
144            android:name="androidx.camera.core.impl.MetadataHolderService"
144-->[androidx.camera:camera-camera2:1.1.0] AndroidManifest.xml:27:13-75
145            android:enabled="false"
145-->[androidx.camera:camera-camera2:1.1.0] AndroidManifest.xml:28:13-36
146            android:exported="false" >
146-->[androidx.camera:camera-camera2:1.1.0] AndroidManifest.xml:29:13-37
147            <meta-data
147-->[androidx.camera:camera-camera2:1.1.0] AndroidManifest.xml:32:13-34:89
148                android:name="androidx.camera.core.impl.MetadataHolderService.DEFAULT_CONFIG_PROVIDER"
148-->[androidx.camera:camera-camera2:1.1.0] AndroidManifest.xml:33:17-103
149                android:value="androidx.camera.camera2.Camera2Config$DefaultProvider" />
149-->[androidx.camera:camera-camera2:1.1.0] AndroidManifest.xml:34:17-86
150        </service>
151
152        <provider
152-->[androidx.emoji2:emoji2:1.2.0] AndroidManifest.xml:24:9-32:20
153            android:name="androidx.startup.InitializationProvider"
153-->[androidx.emoji2:emoji2:1.2.0] AndroidManifest.xml:25:13-67
154            android:authorities="com.virostarterkit.androidx-startup"
154-->[androidx.emoji2:emoji2:1.2.0] AndroidManifest.xml:26:13-68
155            android:exported="false" >
155-->[androidx.emoji2:emoji2:1.2.0] AndroidManifest.xml:27:13-37
156            <meta-data
156-->[androidx.emoji2:emoji2:1.2.0] AndroidManifest.xml:29:13-31:52
157                android:name="androidx.emoji2.text.EmojiCompatInitializer"
157-->[androidx.emoji2:emoji2:1.2.0] AndroidManifest.xml:30:17-75
158                android:value="androidx.startup" />
158-->[androidx.emoji2:emoji2:1.2.0] AndroidManifest.xml:31:17-49
159            <meta-data
159-->[androidx.lifecycle:lifecycle-process:2.4.1] AndroidManifest.xml:31:13-33:52
160                android:name="androidx.lifecycle.ProcessLifecycleInitializer"
160-->[androidx.lifecycle:lifecycle-process:2.4.1] AndroidManifest.xml:32:17-78
161                android:value="androidx.startup" />
161-->[androidx.lifecycle:lifecycle-process:2.4.1] AndroidManifest.xml:33:17-49
162        </provider>
163
164        <meta-data
164-->[com.facebook.soloader:soloader:0.10.5] AndroidManifest.xml:12:9-14:37
165            android:name="com.facebook.soloader.enabled"
165-->[com.facebook.soloader:soloader:0.10.5] AndroidManifest.xml:13:13-57
166            android:value="false" />
166-->[com.facebook.soloader:soloader:0.10.5] AndroidManifest.xml:14:13-34
167
168        <receiver
168-->[com.transistorsoft:tsbackgroundfetch:1.0.4] AndroidManifest.xml:14:9-16:40
169            android:name="com.transistorsoft.tsbackgroundfetch.FetchAlarmReceiver"
169-->[com.transistorsoft:tsbackgroundfetch:1.0.4] AndroidManifest.xml:15:13-83
170            android:exported="false" />
170-->[com.transistorsoft:tsbackgroundfetch:1.0.4] AndroidManifest.xml:16:13-37
171
172        <service
172-->[com.transistorsoft:tsbackgroundfetch:1.0.4] AndroidManifest.xml:18:9-21:72
173            android:name="com.transistorsoft.tsbackgroundfetch.FetchJobService"
173-->[com.transistorsoft:tsbackgroundfetch:1.0.4] AndroidManifest.xml:19:13-80
174            android:exported="true"
174-->[com.transistorsoft:tsbackgroundfetch:1.0.4] AndroidManifest.xml:20:13-36
175            android:permission="android.permission.BIND_JOB_SERVICE" />
175-->[com.transistorsoft:tsbackgroundfetch:1.0.4] AndroidManifest.xml:21:13-69
176
177        <receiver
177-->[com.transistorsoft:tsbackgroundfetch:1.0.4] AndroidManifest.xml:23:9-30:20
178            android:name="com.transistorsoft.tsbackgroundfetch.BootReceiver"
178-->[com.transistorsoft:tsbackgroundfetch:1.0.4] AndroidManifest.xml:24:13-77
179            android:exported="false" >
179-->[com.transistorsoft:tsbackgroundfetch:1.0.4] AndroidManifest.xml:25:13-37
180            <intent-filter>
180-->[com.transistorsoft:tsbackgroundfetch:1.0.4] AndroidManifest.xml:26:13-29:29
181                <action android:name="android.intent.action.BOOT_COMPLETED" />
181-->[com.transistorsoft:tsbackgroundfetch:1.0.4] AndroidManifest.xml:27:17-79
181-->[com.transistorsoft:tsbackgroundfetch:1.0.4] AndroidManifest.xml:27:25-76
182                <action android:name="android.intent.action.MY_PACKAGE_REPLACED" />
182-->[com.transistorsoft:tsbackgroundfetch:1.0.4] AndroidManifest.xml:28:17-84
182-->[com.transistorsoft:tsbackgroundfetch:1.0.4] AndroidManifest.xml:28:25-81
183            </intent-filter>
184        </receiver>
185    </application>
186
187</manifest>